12-10-2024 09:54:27 [info]: Server is up and running 
12-10-2024 09:57:30 [info]: Server running at http://localhost:3003 
12-10-2024 09:58:27 [info]: Server running at http://localhost:3003 
12-10-2024 10:01:03 [info]: Server running at http://localhost:3003 
12-10-2024 10:01:55 [info]: Server running at http://localhost:3003 
12-10-2024 10:01:55 [info]: db connected 
12-10-2024 10:24:26 [info]: Server running at http://localhost:3003 
12-10-2024 10:24:26 [info]: db connected 
12-10-2024 10:25:06 [info]: Server running at http://localhost:3003 
12-10-2024 10:25:06 [info]: db connected 
12-10-2024 10:25:39 [info]: Server running at http://localhost:3003 
12-10-2024 10:25:39 [info]: db connected 
12-10-2024 10:26:56 [info]: Server running at http://localhost:3003 
12-10-2024 10:26:56 [info]: db connected 
12-10-2024 10:26:56 [info]: Server is up and running 
12-10-2024 10:42:37 [info]: Centerlized Error Handling:  
12-10-2024 10:45:29 [info]: Server running at http://localhost:3003 
12-10-2024 10:45:29 [info]: db connected 
12-10-2024 10:47:29 [info]: Server running at http://localhost:3003 
12-10-2024 10:47:29 [info]: db connected 
12-10-2024 10:47:55 [info]: Server running at http://localhost:3003 
12-10-2024 10:47:55 [info]: db connected 
12-10-2024 10:47:58 [info]: Centerlized Error Handling:  Task not found 
